<?xml version="1.0" encoding="UTF-8"?>
<!-- Generated by org.testng.reporters.JUnitXMLReporter -->
<testsuite ignored="0" hostname="LAPTOP-FMDH9RA6" failures="0" tests="10" name="Default test" time="0.156" errors="0" timestamp="2021-11-04T13:59:36 EDT">
  <testcase classname="com.testing.UnitTests" name="test_completedate_LengthException" time="0.018"/>
  <testcase classname="com.testing.UnitTests" name="test_data_getCompleteDate" time="0.007"/>
  <testcase classname="com.testing.UnitTests" name="test_data_getDescription" time="0.003"/>
  <testcase classname="com.testing.UnitTests" name="test_data_getPriority" time="0.002"/>
  <testcase classname="com.testing.UnitTests" name="test_data_threeparameterconstructor" time="0.005"/>
  <testcase classname="com.testing.UnitTests" name="test_data_zeroparameterconstructor" time="0.002"/>
  <testcase classname="com.testing.UnitTests" name="test_description_LengthException" time="0.003"/>
  <testcase classname="com.testing.UnitTests" name="test_empty_NullException" time="0.002"/>
  <testcase classname="com.testing.UnitTests" name="test_null_NullException" time="0.001"/>
  <testcase classname="com.testing.UnitTests" name="test_priority_LengthException" time="0.002"/>
</testsuite> <!-- Default test -->
