<?xml version="1.0" encoding="UTF-8"?>
<!-- Generated by org.testng.reporters.JUnitXMLReporter -->
<testsuite ignored="0" hostname="LAPTOP-FMDH9RA6" failures="0" tests="3" name="UnitTests" time="0.404" errors="0" timestamp="2021-10-27T16:24:46 EDT">
  <testcase classname="com.hibernate.UnitTests" name="test_todoitem_high" time="0.214"/>
  <testcase classname="com.hibernate.UnitTests" name="test_todoitem_low" time="0.006"/>
  <testcase classname="com.hibernate.UnitTests" name="test_todoitem_medium" time="0.003"/>
</testsuite> <!-- UnitTests -->
