<?xml version="1.0" encoding="UTF-8"?>
<!-- Generated by org.testng.reporters.JUnitXMLReporter -->
<testsuite ignored="0" hostname="LAPTOP-FMDH9RA6" failures="0" tests="8" name="UnitTests" time="0.099" errors="0" timestamp="2021-11-04T16:06:41 EDT">
  <testcase classname="com.testing.ws.UnitTests" name="test_data_getCompleteDate" time="0.01"/>
  <testcase classname="com.testing.ws.UnitTests" name="test_data_getDescription" time="0.0"/>
  <testcase classname="com.testing.ws.UnitTests" name="test_data_getPriority" time="0.001"/>
  <testcase classname="com.testing.ws.UnitTests" name="test_data_threeparameterconstructor" time="0.001"/>
  <testcase classname="com.testing.ws.UnitTests" name="test_data_zeroparameterconstructor" time="0.001"/>
  <testcase classname="com.testing.ws.UnitTests" name="test_todoitem_high" time="0.011"/>
  <testcase classname="com.testing.ws.UnitTests" name="test_todoitem_low" time="0.0"/>
  <testcase classname="com.testing.ws.UnitTests" name="test_todoitem_medium" time="0.001"/>
</testsuite> <!-- UnitTests -->
