<?xml version="1.0" encoding="UTF-8"?>
<testsuite xmlns:xsi="http://www.w3.org/2001/XMLSchema-instance" xsi:noNamespaceSchemaLocation="https://maven.apache.org/surefire/maven-surefire-plugin/xsd/surefire-test-report-3.0.xsd" version="3.0" name="TestSuite" time="1.485" tests="10" errors="0" skipped="0" failures="0">
  <properties>
[...]
</properties>
  <testcase name="test_completedate_LengthException" classname="com.testing.UnitTests" time="0.014"/>
  <testcase name="test_data_getCompleteDate" classname="com.testing.UnitTests" time="0.003"/>
  <testcase name="test_data_getDescription" classname="com.testing.UnitTests" time="0.001"/>
  <testcase name="test_data_getPriority" classname="com.testing.UnitTests" time="0.001"/>
  <testcase name="test_data_threeparameterconstructor" classname="com.testing.UnitTests" time="0"/>
  <testcase name="test_data_zeroparameterconstructor" classname="com.testing.UnitTests" time="0"/>
  <testcase name="test_description_LengthException" classname="com.testing.UnitTests" time="0.001"/>
  <testcase name="test_empty_NullException" classname="com.testing.UnitTests" time="0"/>
  <testcase name="test_null_NullException" classname="com.testing.UnitTests" time="0.001"/>
  <testcase name="test_priority_LengthException" classname="com.testing.UnitTests" time="0.001"/>
</testsuite>