<?xml version="1.0" encoding="UTF-8"?>
<testng-results ignored="0" total="8" passed="8" failed="0" skipped="0">
  <reporter-output>
  </reporter-output>
  <suite started-at="2021-11-04T16:06:41 EDT" name="UnitTestsXML" finished-at="2021-11-04T16:06:41 EDT" duration-ms="99">
    <groups>
    </groups>
    <test started-at="2021-11-04T16:06:41 EDT" name="UnitTests" finished-at="2021-11-04T16:06:41 EDT" duration-ms="99">
      <class name="com.testing.ws.UnitTests">
        <test-method signature="test_data_getCompleteDate()[pri:0, instance:com.testing.ws.UnitTests@2f465398]" started-at="2021-11-04T16:06:41 EDT" name="test_data_getCompleteDate" finished-at="2021-11-04T16:06:41 EDT" duration-ms="10" status="PASS">
          <reporter-output>
          </reporter-output>
        </test-method> <!-- test_data_getCompleteDate -->
        <test-method signature="test_data_getDescription()[pri:0, instance:com.testing.ws.UnitTests@2f465398]" started-at="2021-11-04T16:06:41 EDT" name="test_data_getDescription" finished-at="2021-11-04T16:06:41 EDT" duration-ms="0" status="PASS">
          <reporter-output>
          </reporter-output>
        </test-method> <!-- test_data_getDescription -->
        <test-method signature="test_data_getPriority()[pri:0, instance:com.testing.ws.UnitTests@2f465398]" started-at="2021-11-04T16:06:41 EDT" name="test_data_getPriority" finished-at="2021-11-04T16:06:41 EDT" duration-ms="1" status="PASS">
          <reporter-output>
          </reporter-output>
        </test-method> <!-- test_data_getPriority -->
        <test-method signature="test_data_threeparameterconstructor()[pri:0, instance:com.testing.ws.UnitTests@2f465398]" started-at="2021-11-04T16:06:41 EDT" name="test_data_threeparameterconstructor" finished-at="2021-11-04T16:06:41 EDT" duration-ms="1" status="PASS">
          <reporter-output>
          </reporter-output>
        </test-method> <!-- test_data_threeparameterconstructor -->
        <test-method signature="test_data_zeroparameterconstructor()[pri:0, instance:com.testing.ws.UnitTests@2f465398]" started-at="2021-11-04T16:06:41 EDT" name="test_data_zeroparameterconstructor" finished-at="2021-11-04T16:06:41 EDT" duration-ms="1" status="PASS">
          <reporter-output>
          </reporter-output>
        </test-method> <!-- test_data_zeroparameterconstructor -->
        <test-method signature="test_todoitem_high()[pri:0, instance:com.testing.ws.UnitTests@2f465398]" started-at="2021-11-04T16:06:41 EDT" name="test_todoitem_high" finished-at="2021-11-04T16:06:41 EDT" duration-ms="11" status="PASS">
          <reporter-output>
          </reporter-output>
        </test-method> <!-- test_todoitem_high -->
        <test-method signature="test_todoitem_low()[pri:0, instance:com.testing.ws.UnitTests@2f465398]" started-at="2021-11-04T16:06:41 EDT" name="test_todoitem_low" finished-at="2021-11-04T16:06:41 EDT" duration-ms="0" status="PASS">
          <reporter-output>
          </reporter-output>
        </test-method> <!-- test_todoitem_low -->
        <test-method signature="test_todoitem_medium()[pri:0, instance:com.testing.ws.UnitTests@2f465398]" started-at="2021-11-04T16:06:41 EDT" name="test_todoitem_medium" finished-at="2021-11-04T16:06:41 EDT" duration-ms="1" status="PASS">
          <reporter-output>
          </reporter-output>
        </test-method> <!-- test_todoitem_medium -->
      </class> <!-- com.testing.ws.UnitTests -->
    </test> <!-- UnitTests -->
  </suite> <!-- UnitTestsXML -->
</testng-results>
