<?xml version="1.0" encoding="UTF-8"?>
<testsuite xmlns:xsi="http://www.w3.org/2001/XMLSchema-instance" xsi:noNamespaceSchemaLocation="https://maven.apache.org/surefire/maven-surefire-plugin/xsd/surefire-test-report-3.0.xsd" version="3.0" name="TestSuite" time="1.415" tests="8" errors="0" skipped="0" failures="0">
  <properties>
[...]
</properties>
  <testcase name="test_data_getCompleteDate" classname="com.testing.ws.UnitTests" time="0.015"/>
  <testcase name="test_data_getDescription" classname="com.testing.ws.UnitTests" time="0"/>
  <testcase name="test_data_getPriority" classname="com.testing.ws.UnitTests" time="0"/>
  <testcase name="test_data_threeparameterconstructor" classname="com.testing.ws.UnitTests" time="0"/>
  <testcase name="test_data_zeroparameterconstructor" classname="com.testing.ws.UnitTests" time="0"/>
  <testcase name="test_todoitem_high" classname="com.testing.ws.UnitTests" time="0.011"/>
  <testcase name="test_todoitem_low" classname="com.testing.ws.UnitTests" time="0"/>
  <testcase name="test_todoitem_medium" classname="com.testing.ws.UnitTests" time="0.001"/>
</testsuite>