<?xml version="1.0" encoding="UTF-8"?>
<!-- Generated by org.testng.reporters.JUnitXMLReporter -->
<testsuite ignored="0" hostname="LAPTOP-FMDH9RA6" failures="0" tests="8" name="Default test" time="0.14" errors="0" timestamp="2021-11-04T14:03:36 EDT">
  <testcase classname="com.testing.ws.UnitTests" name="test_data_getCompleteDate" time="0.018"/>
  <testcase classname="com.testing.ws.UnitTests" name="test_data_getDescription" time="0.003"/>
  <testcase classname="com.testing.ws.UnitTests" name="test_data_getPriority" time="0.004"/>
  <testcase classname="com.testing.ws.UnitTests" name="test_data_threeparameterconstructor" time="0.003"/>
  <testcase classname="com.testing.ws.UnitTests" name="test_data_zeroparameterconstructor" time="0.003"/>
  <testcase classname="com.testing.ws.UnitTests" name="test_todoitem_high" time="0.012"/>
  <testcase classname="com.testing.ws.UnitTests" name="test_todoitem_low" time="0.002"/>
  <testcase classname="com.testing.ws.UnitTests" name="test_todoitem_medium" time="0.003"/>
</testsuite> <!-- Default test -->
